<?xml version="1.0" encoding="utf-8"?>
<shfbBuild product="Sandcastle Help File Builder and Tools" version="2018.7.8.0" projectFile="C:\Builds\CI\27963\Innovator.git\Documentation Scripts\InnovatorAPIReference.shfbproj" started="12/3/2020 8:45:14 AM">
<buildStep step="Initializing">
Finding tools...
The Sandcastle tools are located in &#39;C:\Builds\CI\27963\Innovator.git\Documentation Scripts\packages\EWSoftware.SHFB.2018.7.8.1\Tools\&#39;
Found HTML Help 1 compiler in &#39;C:\Program Files (x86)\HTML Help Workshop\&#39;
The SHFBROOT system environment variable was not found.  This variable is usually created during installation and may require a reboot.  It has been defined temporarily for this process as: SHFBROOT=C:\Builds\CI\27963\Innovator.git\Documentation Scripts\packages\EWSoftware.SHFB.2018.7.8.1\Tools\
Locating components in the following folder(s):
    C:\Builds\CI\27963\Innovator.git\Documentation Scripts\packages\EWSoftware.SHFB.NETFramework.4.7.2\Tools\
    C:\Builds\CI\27963\Innovator.git\Documentation Scripts
    C:\ProgramData\EWSoftware\Sandcastle Help File Builder\Components and Plug-Ins\
    C:\Builds\CI\27963\Innovator.git\Documentation Scripts\packages\EWSoftware.SHFB.2018.7.8.1\Tools\
Using framework reflection data for &#39;.NET Framework 4.7.2&#39; located in &#39;C:\Builds\CI\27963\Innovator.git\Documentation Scripts\packages\EWSoftware.SHFB.NETFramework.4.7.2\tools\Data\.NETFramework&#39;
Using presentation style &#39;VS2013&#39; located in &#39;C:\Builds\CI\27963\Innovator.git\Documentation Scripts\packages\EWSoftware.SHFB.2018.7.8.1\tools\PresentationStyles\VS2013&#39;
Loading and initializing plug-ins...
Aras Filter For COM-Visible Types Version 12.0.0.27963
&#169; 2000-2020 Aras Corporation. All rights reserved.

Lightweight Website Style Version 2018.7.8.0
Copyright &#169; 2006-2018, Eric Woodruff, All Rights Reserved
Portions Copyright &#169; 2014, Sam Harwell, All Rights Reserved
-------------------------------
Clearing any prior web/markdown output...
</buildStep>
<buildStep step="ValidatingDocumentationSources">
Validating and copying documentation source information
Source: C:\Builds\CI\27963\Innovator.git\Innovator\Server\bin\Aras.Net.dll
    Found assembly &#39;C:\Builds\CI\27963\Innovator.git\Innovator\Server\bin\Aras.Net.dll&#39;
Source: C:\Builds\CI\27963\Innovator.git\Innovator\Server\bin\Aras.Net.xml
Source: C:\Builds\CI\27963\Innovator.git\Innovator\Server\bin\IOM.dll
    Found assembly &#39;C:\Builds\CI\27963\Innovator.git\Innovator\Server\bin\IOM.dll&#39;
Source: C:\Builds\CI\27963\Innovator.git\Innovator\Server\bin\IOM.xml
Source: C:\Builds\CI\27963\Innovator.git\CompilableCode\IOM.Base\namespace-Aras.IOM-documentation.xml

Copying XML comments files
    C:\Builds\CI\27963\Innovator.git\Innovator\Server\bin\Aras.Net.xml -&gt; C:\Builds\CI\27963\Innovator.git\Documentation Scripts\APIReferenceDotNet\Working\Aras.Net.xml
    C:\Builds\CI\27963\Innovator.git\Innovator\Server\bin\IOM.xml -&gt; C:\Builds\CI\27963\Innovator.git\Documentation Scripts\APIReferenceDotNet\Working\IOM.xml
    C:\Builds\CI\27963\Innovator.git\CompilableCode\IOM.Base\namespace-Aras.IOM-documentation.xml -&gt; C:\Builds\CI\27963\Innovator.git\Documentation Scripts\APIReferenceDotNet\Working\namespace-Aras.IOM-documentation.xml
</buildStep>
<buildStep step="GenerateSharedContent">
Generating shared content files (en-US, English (United States))...
<plugIn name="Lightweight Website Style" behavior="After" priority="1000">
</plugIn>    Last step completed in 00:00:00.0130
</buildStep>
<buildStep step="GenerateApiFilter">
Generating API filter for MRefBuilder...
SHFB: Warning BE0008: Namespace &#39;N:Aras.IOM&#39; excluded via namespace comments conflicted with API filter setting.  Exclusion ignored.
    Last step completed in 00:00:00.0190
</buildStep>
<buildStep step="GenerateReflectionInfo">
Generating reflection information...
[C:\Program Files (x86)\Microsoft Visual Studio\2019\BuildTools\MSBuild\Current\Bin\MSBuild.exe - GenerateRefInfo.proj]
Build started 12/3/2020 8:45:17 AM.
Project &quot;C:\Builds\CI\27963\Innovator.git\Documentation Scripts\APIReferenceDotNet\Working\GenerateRefInfo.proj&quot; on node 1 (default targets).
PrepareForBuild:
  Creating directory &quot;obj\Debug\&quot;.
GenerateBindingRedirects:
  No suggested binding redirects from ResolveAssemblyReferences.
GenerateRefInfo:
  MRefBuilder (v2018.7.8.0)
  Copyright c 2006-2018, Microsoft Corporation, All Rights Reserved.
  Portions Copyright c 2006-2018, Eric Woodruff, All Rights Reserved.
  No source code context base path specified.  Source context information is unavailable.
  Loaded 2 assemblies for reflection and 1 dependency assemblies.
  Wrote information on 9 namespaces, 118 types, and 513 members
  Copying file from &quot;C:\Builds\CI\27963\Innovator.git\Documentation Scripts\APIReferenceDotNet\Working\reflection.org&quot; to &quot;C:\Builds\CI\27963\Innovator.git\Documentation Scripts\APIReferenceDotNet\Working\reflection.all&quot;.
  XslTransform (v2018.7.8.0)
  Copyright c 2006-2018, Microsoft Corporation, All Rights Reserved.
  Portions Copyright c 2006-2018, Eric Woodruff, All Rights Reserved.
  Applying XSL transformation &#39;C:\Builds\CI\27963\Innovator.git\Documentation Scripts\packages\EWSoftware.SHFB.2018.7.8.1\Tools\ProductionTransforms\MergeDuplicates.xsl&#39;.
Done Building Project &quot;C:\Builds\CI\27963\Innovator.git\Documentation Scripts\APIReferenceDotNet\Working\GenerateRefInfo.proj&quot; (default targets).
<plugIn name="Aras Filter For COM-Visible Types" behavior="After" priority="1000">
</plugIn>    Last step completed in 00:00:03.0803
</buildStep>
<buildStep step="TransformReflectionInfo">
Transforming reflection output...
[C:\Program Files (x86)\Microsoft Visual Studio\2019\BuildTools\MSBuild\Current\Bin\MSBuild.exe - TransformManifest.proj]
Build started 12/3/2020 8:45:20 AM.
Project &quot;C:\Builds\CI\27963\Innovator.git\Documentation Scripts\APIReferenceDotNet\Working\TransformManifest.proj&quot; on node 1 (default targets).
TransformManifest:
  XslTransform (v2018.7.8.0)
  Copyright c 2006-2018, Microsoft Corporation, All Rights Reserved.
  Portions Copyright c 2006-2018, Eric Woodruff, All Rights Reserved.
  Applying XSL transformation &#39;C:\Builds\CI\27963\Innovator.git\Documentation Scripts\packages\EWSoftware.SHFB.2018.7.8.1\Tools\\ProductionTransforms\ApplyVSDocModel.xsl&#39;.
  Copying file from &quot;C:\Builds\CI\27963\Innovator.git\Documentation Scripts\APIReferenceDotNet\Working\reflection.xml&quot; to &quot;C:\Builds\CI\27963\Innovator.git\Documentation Scripts\APIReferenceDotNet\Working\reflection.nofilenames&quot;.
  XslTransform (v2018.7.8.0)
  Copyright c 2006-2018, Microsoft Corporation, All Rights Reserved.
  Portions Copyright c 2006-2018, Eric Woodruff, All Rights Reserved.
  Applying XSL transformation &#39;C:\Builds\CI\27963\Innovator.git\Documentation Scripts\packages\EWSoftware.SHFB.2018.7.8.1\Tools\ProductionTransforms\AddFilenames.xsl&#39;.
    Unique name M_Aras_IOM_HttpServerConnection_Logout_1 generated for M:Aras.IOM.HttpServerConnection.Logout(System.Boolean)
    Unique name M_Aras_IOM_Innovator_newItem_1 generated for M:Aras.IOM.Innovator.newItem(System.String)
    Unique name M_Aras_IOM_Innovator_newItem_2 generated for M:Aras.IOM.Innovator.newItem(System.String,System.String)
    Unique name M_Aras_IOM_IomFactory_CreateCheckinManager_1 generated for M:Aras.IOM.IomFactory.CreateCheckinManager(Aras.IOM.Item,Aras.IOME.CheckinManagerFlags)
    Unique name M_Aras_IOM_IomFactory_CreateCheckoutManager_1 generated for M:Aras.IOM.IomFactory.CreateCheckoutManager(Aras.IOM.Item,Aras.IOME.CheckoutManagerFlags)
    Unique name M_Aras_IOM_IomFactory_CreateHttpServerConnection_1 generated for M:Aras.IOM.IomFactory.CreateHttpServerConnection(System.String,Aras.IOM.OAuth.ITokenProvider,Aras.IOM.OAuth.ProtocolType)
    Unique name M_Aras_IOM_IomFactory_CreateHttpServerConnection_2 generated for M:Aras.IOM.IomFactory.CreateHttpServerConnection(System.String,System.String,Aras.IOM.OAuth.ITokenProvider)
    Unique name M_Aras_IOM_IomFactory_CreateHttpServerConnection_3 generated for M:Aras.IOM.IomFactory.CreateHttpServerConnection(System.String,System.String,Aras.IOM.OAuth.ITokenProvider,Aras.IOM.OAuth.ProtocolType)
    Unique name M_Aras_IOM_IomFactory_CreateHttpServerConnection_4 generated for M:Aras.IOM.IomFactory.CreateHttpServerConnection(System.String,System.String,System.String,System.String)
    Unique name M_Aras_IOM_IServerConnection_GetLicenseInfo_1 generated for M:Aras.IOM.IServerConnection.GetLicenseInfo(System.String,System.String)
    Unique name M_Aras_IOM_Item_apply_1 generated for M:Aras.IOM.Item.apply(System.Collections.Hashtable)
    Unique name M_Aras_IOM_Item_apply_2 generated for M:Aras.IOM.Item.apply(System.String)
    Unique name M_Aras_IOM_Item_apply_3 generated for M:Aras.IOM.Item.apply(System.String,System.Collections.Hashtable)
    Unique name M_Aras_IOM_Item_apply_4 generated for M:Aras.IOM.Item.apply(System.String,System.Collections.Hashtable,System.String)
    Unique name M_Aras_IOM_Item_attachPhysicalFile_1 generated for M:Aras.IOM.Item.attachPhysicalFile(System.String,System.String)
    Unique name M_Aras_IOM_Item_fetchRelationships_1 generated for M:Aras.IOM.Item.fetchRelationships(System.String,System.String)
    Unique name M_Aras_IOM_Item_fetchRelationships_2 generated for M:Aras.IOM.Item.fetchRelationships(System.String,System.String,System.String)
    Unique name M_Aras_IOM_Item_getAttribute_1 generated for M:Aras.IOM.Item.getAttribute(System.String,System.String)
    Unique name M_Aras_IOM_Item_getProperty_1 generated for M:Aras.IOM.Item.getProperty(System.String,System.String)
    Unique name M_Aras_IOM_Item_getProperty_2 generated for M:Aras.IOM.Item.getProperty(System.String,System.String,System.String)
    Unique name M_Aras_IOM_Item_getPropertyAttribute_1 generated for M:Aras.IOM.Item.getPropertyAttribute(System.String,System.String,System.String)
    Unique name M_Aras_IOM_Item_getPropertyAttribute_2 generated for M:Aras.IOM.Item.getPropertyAttribute(System.String,System.String,System.String,System.String)
    Unique name M_Aras_IOM_Item_getPropertyCondition_1 generated for M:Aras.IOM.Item.getPropertyCondition(System.String,System.String)
    Unique name M_Aras_IOM_Item_getRelationships_1 generated for M:Aras.IOM.Item.getRelationships(System.String)
    Unique name M_Aras_IOM_Item_getRelationships_2 generated for M:Aras.IOM.Item.getRelationships(System.String,System.String)
    Unique name M_Aras_IOM_Item_getRelationships_3 generated for M:Aras.IOM.Item.getRelationships(System.String,System.String,System.String)
    Unique name M_Aras_IOM_Item_newItem_1 generated for M:Aras.IOM.Item.newItem(System.String)
    Unique name M_Aras_IOM_Item_newItem_2 generated for M:Aras.IOM.Item.newItem(System.String,System.String)
    Unique name M_Aras_IOM_Item_removeProperty_1 generated for M:Aras.IOM.Item.removeProperty(System.String,System.String)
    Unique name M_Aras_IOM_Item_removePropertyAttribute_1 generated for M:Aras.IOM.Item.removePropertyAttribute(System.String,System.String,System.String)
    Unique name M_Aras_IOM_Item_setProperty_1 generated for M:Aras.IOM.Item.setProperty(System.String,System.String,System.String)
    Unique name M_Aras_IOM_Item_setPropertyAttribute_1 generated for M:Aras.IOM.Item.setPropertyAttribute(System.String,System.String,System.String,System.String)
    Unique name M_Aras_IOM_Item_setPropertyCondition_1 generated for M:Aras.IOM.Item.setPropertyCondition(System.String,System.String,System.String)
    Unique name M_Aras_IOM_ServerConnectionBase_GetLicenseInfo_1 generated for M:Aras.IOM.ServerConnectionBase.GetLicenseInfo(System.String,System.String)
    Unique name M_Aras_IOM_OAuth_NavigationResult__ctor_1 generated for M:Aras.IOM.OAuth.NavigationResult.#ctor(System.Collections.Specialized.NameValueCollection)
    Unique name M_Aras_IOME_CheckoutManager__ctor_1 generated for M:Aras.IOME.CheckoutManager.#ctor(Aras.IOM.Item,Aras.IOME.CheckoutManagerFlags)
    Unique name M_Aras_IOME_InvalidConflictDetectionResult__ctor_1 generated for M:Aras.IOME.InvalidConflictDetectionResult.#ctor(System.String)
    Unique name M_Aras_IOME_InvalidConflictDetectionResult__ctor_2 generated for M:Aras.IOME.InvalidConflictDetectionResult.#ctor(System.String,System.Exception)
    Unique name M_Aras_IOME_ItemErrorException__ctor_1 generated for M:Aras.IOME.ItemErrorException.#ctor(Aras.IOM.Item)
    Unique name M_Aras_IOME_ItemErrorException__ctor_2 generated for M:Aras.IOME.ItemErrorException.#ctor(System.String)
    Unique name M_Aras_IOME_ItemErrorException__ctor_3 generated for M:Aras.IOME.ItemErrorException.#ctor(System.String,System.Exception)
  XslTransform (v2018.7.8.0)
  Copyright c 2006-2018, Microsoft Corporation, All Rights Reserved.
  Portions Copyright c 2006-2018, Eric Woodruff, All Rights Reserved.
  Applying XSL transformation &#39;C:\Builds\CI\27963\Innovator.git\Documentation Scripts\packages\EWSoftware.SHFB.2018.7.8.1\Tools\ProductionTransforms\ReflectionToManifest.xsl&#39;.
Done Building Project &quot;C:\Builds\CI\27963\Innovator.git\Documentation Scripts\APIReferenceDotNet\Working\TransformManifest.proj&quot; (default targets).
    Last step completed in 00:00:00.6671
</buildStep>
<buildStep step="GenerateNamespaceSummaries">
Generating namespace summary information...
    Last step completed in 00:00:00.0130
</buildStep>
<buildStep step="GenerateInheritedDocumentation">
Generating inherited documentation...
[C:\Program Files (x86)\Microsoft Visual Studio\2019\BuildTools\MSBuild\Current\Bin\MSBuild.exe - GenerateInheritedDocs.proj]
Sandcastle Help File Builder and Tools, version 2018.7.8.0
Copyright c 2006-2018, Eric Woodruff, All Rights Reserved
E-Mail: Eric@EWoodruff.us

Reflection information will be retrieved from &#39;reflection.xml&#39;
Inherited documentation will be written to &#39;_InheritedDocs_.xml&#39;
Indexing C:\Program Files (x86)\Reference Assemblies\Microsoft\Framework\.NETFramework\v4.7.2\*.xml
Indexing C:\Builds\CI\27963\Innovator.git\Documentation Scripts\APIReferenceDotNet\Working\Aras.Net.xml
Indexing C:\Builds\CI\27963\Innovator.git\Documentation Scripts\APIReferenceDotNet\Working\IOM.xml
Indexing C:\Builds\CI\27963\Innovator.git\Documentation Scripts\APIReferenceDotNet\Working\namespace-Aras.IOM-documentation.xml
Indexed 159498 members in 130 file(s).  3 file(s) to scan for &lt;inheritdoc /&gt; tags.
Merging inherited documentation...


Documentation merged successfully
    Last step completed in 00:00:03.5154
</buildStep>
<buildStep step="CopyAdditionalContent">
Copying additional content files...
No additional content to copy
    Last step completed in 00:00:00.0020
</buildStep>
<buildStep step="MergeTablesOfContents">
Merging conceptual and additional tables of contents...
    Last step completed in 00:00:00.0010
</buildStep>
<buildStep step="GenerateIntermediateTableOfContents">
Generating intermediate table of contents file...
[C:\Program Files (x86)\Microsoft Visual Studio\2019\BuildTools\MSBuild\Current\Bin\MSBuild.exe - GenerateIntermediateTOC.proj]
Build started 12/3/2020 8:45:24 AM.
Project &quot;C:\Builds\CI\27963\Innovator.git\Documentation Scripts\APIReferenceDotNet\Working\GenerateIntermediateTOC.proj&quot; on node 1 (default targets).
GenerateIntermediateTOC:
  XslTransform (v2018.7.8.0)
  Copyright c 2006-2018, Microsoft Corporation, All Rights Reserved.
  Portions Copyright c 2006-2018, Eric Woodruff, All Rights Reserved.
  Applying XSL transformation &#39;C:\Builds\CI\27963\Innovator.git\Documentation Scripts\packages\EWSoftware.SHFB.2018.7.8.1\Tools\\ProductionTransforms\CreateVSToc.xsl&#39;.
Done Building Project &quot;C:\Builds\CI\27963\Innovator.git\Documentation Scripts\APIReferenceDotNet\Working\GenerateIntermediateTOC.proj&quot; (default targets).
Generating conceptual content intermediate TOC file...
    Last step completed in 00:00:00.2400
</buildStep>
<buildStep step="CreateBuildAssemblerConfigs">
Creating Sandcastle configuration files...
    sandcastle.config
    Last step completed in 00:00:00.1540
</buildStep>
<buildStep step="MergeCustomConfigs">
Merging custom build component configurations
C:\Builds\CI\27963\Innovator.git\Documentation Scripts\APIReferenceDotNet\Working\sandcastle.config
  Updating reference topic configurations.
  No conceptual content.  Removing conceptual content components.
    Last step completed in 00:00:00.0050
</buildStep>
<buildStep step="BuildTopics">
Building help topics...
[C:\Program Files (x86)\Microsoft Visual Studio\2019\BuildTools\MSBuild\Current\Bin\MSBuild.exe - BuildTopics.proj]
Build started 12/3/2020 8:45:25 AM.
Project &quot;C:\Builds\CI\27963\Innovator.git\Documentation Scripts\APIReferenceDotNet\Working\BuildTopics.proj&quot; on node 1 (default targets).
BuildTopics:
  BuildAssembler (v2018.7.8.0)
  Copyright c 2006-2018, Microsoft Corporation, All Rights Reserved.
  Portions Copyright c 2006-2018, Eric Woodruff, All Rights Reserved.
  Loading configuration...
  Processing topics...
BuildAssembler : warning : ResolveReferenceLinksComponent: [T:Aras.IOM.HttpServerConnection] Unknown reference link target &#39;M:Aras.IOM.ServerConnectionBase.getFileUrl(System.String,Aras.IOM.UrlType)&#39;. [C:\Builds\CI\27963\Innovator.git\Documentation Scripts\APIReferenceDotNet\Working\BuildTopics.proj]
BuildAssembler : warning : ResolveReferenceLinksComponent: [T:Aras.IOM.HttpServerConnection] Unknown reference link target &#39;M:Aras.IOM.ServerConnectionBase.getFileUrls(System.Collections.ArrayList,Aras.IOM.UrlType)&#39;. [C:\Builds\CI\27963\Innovator.git\Documentation Scripts\APIReferenceDotNet\Working\BuildTopics.proj]
BuildAssembler : warning : ResolveReferenceLinksComponent: [T:Aras.IOM.HttpServerConnection] Unknown reference link target &#39;M:Aras.IOM.ServerConnectionBase.getUserID&#39;. [C:\Builds\CI\27963\Innovator.git\Documentation Scripts\APIReferenceDotNet\Working\BuildTopics.proj]
BuildAssembler : warning : ResolveReferenceLinksComponent: [T:Aras.IOM.HttpServerConnection] Unknown reference link target &#39;M:Aras.IOM.ServerConnectionBase.getFileUrl(System.String,Aras.IOM.UrlType)&#39;. [C:\Builds\CI\27963\Innovator.git\Documentation Scripts\APIReferenceDotNet\Working\BuildTopics.proj]
BuildAssembler : warning : ResolveReferenceLinksComponent: [T:Aras.IOM.HttpServerConnection] Unknown reference link target &#39;M:Aras.IOM.ServerConnectionBase.getFileUrls(System.Collections.ArrayList,Aras.IOM.UrlType)&#39;. [C:\Builds\CI\27963\Innovator.git\Documentation Scripts\APIReferenceDotNet\Working\BuildTopics.proj]
BuildAssembler : warning : ResolveReferenceLinksComponent: [T:Aras.IOM.HttpServerConnection] Unknown reference link target &#39;M:Aras.IOM.ServerConnectionBase.getUserID&#39;. [C:\Builds\CI\27963\Innovator.git\Documentation Scripts\APIReferenceDotNet\Working\BuildTopics.proj]
BuildAssembler : warning : ResolveReferenceLinksComponent: [Methods.T:Aras.IOM.HttpServerConnection] Unknown reference link target &#39;M:Aras.IOM.ServerConnectionBase.getFileUrl(System.String,Aras.IOM.UrlType)&#39;. [C:\Builds\CI\27963\Innovator.git\Documentation Scripts\APIReferenceDotNet\Working\BuildTopics.proj]
BuildAssembler : warning : ResolveReferenceLinksComponent: [Methods.T:Aras.IOM.HttpServerConnection] Unknown reference link target &#39;M:Aras.IOM.ServerConnectionBase.getFileUrls(System.Collections.ArrayList,Aras.IOM.UrlType)&#39;. [C:\Builds\CI\27963\Innovator.git\Documentation Scripts\APIReferenceDotNet\Working\BuildTopics.proj]
BuildAssembler : warning : ResolveReferenceLinksComponent: [Methods.T:Aras.IOM.HttpServerConnection] Unknown reference link target &#39;M:Aras.IOM.ServerConnectionBase.getUserID&#39;. [C:\Builds\CI\27963\Innovator.git\Documentation Scripts\APIReferenceDotNet\Working\BuildTopics.proj]
BuildAssembler : warning : ResolveReferenceLinksComponent: [Methods.T:Aras.IOM.HttpServerConnection] Unknown reference link target &#39;M:Aras.IOM.ServerConnectionBase.getFileUrl(System.String,Aras.IOM.UrlType)&#39;. [C:\Builds\CI\27963\Innovator.git\Documentation Scripts\APIReferenceDotNet\Working\BuildTopics.proj]
BuildAssembler : warning : ResolveReferenceLinksComponent: [Methods.T:Aras.IOM.HttpServerConnection] Unknown reference link target &#39;M:Aras.IOM.ServerConnectionBase.getFileUrls(System.Collections.ArrayList,Aras.IOM.UrlType)&#39;. [C:\Builds\CI\27963\Innovator.git\Documentation Scripts\APIReferenceDotNet\Working\BuildTopics.proj]
BuildAssembler : warning : ResolveReferenceLinksComponent: [Methods.T:Aras.IOM.HttpServerConnection] Unknown reference link target &#39;M:Aras.IOM.ServerConnectionBase.getUserID&#39;. [C:\Builds\CI\27963\Innovator.git\Documentation Scripts\APIReferenceDotNet\Working\BuildTopics.proj]
BuildAssembler : warning : ResolveReferenceLinksComponent: [P:Aras.IOM.HttpServerConnection.Compression] Unknown reference link target &#39;T:Aras.Common.Compression.CompressionType&#39;. [C:\Builds\CI\27963\Innovator.git\Documentation Scripts\APIReferenceDotNet\Working\BuildTopics.proj]
BuildAssembler : warning : ResolveReferenceLinksComponent: [P:Aras.IOM.HttpServerConnection.Compression] Unknown reference link target &#39;T:Aras.Common.Compression.CompressionType&#39;. [C:\Builds\CI\27963\Innovator.git\Documentation Scripts\APIReferenceDotNet\Working\BuildTopics.proj]
BuildAssembler : warning : ResolveReferenceLinksComponent: [N:Aras.IOM.OAuth] Unknown reference link target &#39;T:Aras.IOM.OAuth.InternalTokenProvider&#39;. [C:\Builds\CI\27963\Innovator.git\Documentation Scripts\APIReferenceDotNet\Working\BuildTopics.proj]
BuildAssembler : warning : ResolveReferenceLinksComponent: [N:Aras.IOM.OAuth] Unknown reference link target &#39;T:Aras.IOM.OAuth.InternalTokenProvider&#39;. [C:\Builds\CI\27963\Innovator.git\Documentation Scripts\APIReferenceDotNet\Working\BuildTopics.proj]
BuildAssembler : warning : ResolveReferenceLinksComponent: [T:Aras.IOM.OAuth.TokenProviderOptions] Unknown reference link target &#39;T:Aras.IOM.OAuth.InternalTokenProvider&#39;. [C:\Builds\CI\27963\Innovator.git\Documentation Scripts\APIReferenceDotNet\Working\BuildTopics.proj]
BuildAssembler : warning : ResolveReferenceLinksComponent: [T:Aras.IOM.OAuth.TokenProviderOptions] Unknown reference link target &#39;T:Aras.IOM.OAuth.InternalTokenProvider&#39;. [C:\Builds\CI\27963\Innovator.git\Documentation Scripts\APIReferenceDotNet\Working\BuildTopics.proj]
BuildAssembler : warning : ResolveReferenceLinksComponent: [M:Aras.IOME.CheckinManager.CheckForConflicts(System.Collections.ArrayList)] Unknown reference link target &#39;T:Aras.IOME.ConflictDetection.IConflictDetectionRule&#39;. [C:\Builds\CI\27963\Innovator.git\Documentation Scripts\APIReferenceDotNet\Working\BuildTopics.proj]
BuildAssembler : warning : ResolveReferenceLinksComponent: [M:Aras.IOME.CheckinManager.CheckForConflicts(System.Collections.ArrayList)] Unknown reference link target &#39;T:Aras.IOME.ConflictDetection.ConflictDetectionResult&#39;. [C:\Builds\CI\27963\Innovator.git\Documentation Scripts\APIReferenceDotNet\Working\BuildTopics.proj]
BuildAssembler : warning : ResolveReferenceLinksComponent: [M:Aras.IOME.CheckinManager.CheckForConflicts(System.Collections.ArrayList)] Unknown reference link target &#39;T:Aras.IOME.ConflictDetection.IConflictDetectionRule&#39;. [C:\Builds\CI\27963\Innovator.git\Documentation Scripts\APIReferenceDotNet\Working\BuildTopics.proj]
BuildAssembler : warning : ResolveReferenceLinksComponent: [M:Aras.IOME.CheckinManager.CheckForConflicts(System.Collections.ArrayList)] Unknown reference link target &#39;T:Aras.IOME.ConflictDetection.ConflictDetectionResult&#39;. [C:\Builds\CI\27963\Innovator.git\Documentation Scripts\APIReferenceDotNet\Working\BuildTopics.proj]
BuildAssembler : warning : ResolveReferenceLinksComponent: [M:Aras.IOME.CheckinManager.GetConflictDetectionRuleFactory] Unknown reference link target &#39;T:Aras.IOME.ConflictDetection.ConflictDetectionRuleFactory&#39;. [C:\Builds\CI\27963\Innovator.git\Documentation Scripts\APIReferenceDotNet\Working\BuildTopics.proj]
BuildAssembler : warning : ResolveReferenceLinksComponent: [M:Aras.IOME.CheckinManager.GetConflictDetectionRuleFactory] Unknown reference link target &#39;T:Aras.IOME.ConflictDetection.ConflictDetectionRuleFactory&#39;. [C:\Builds\CI\27963\Innovator.git\Documentation Scripts\APIReferenceDotNet\Working\BuildTopics.proj]
BuildAssembler : warning : ResolveReferenceLinksComponent: [M:Aras.IOME.CheckinManager.GetConflictDetectionRuleFactory] Unknown reference link target &#39;T:Aras.IOME.ConflictDetection.ConflictDetectionRuleFactory&#39;. [C:\Builds\CI\27963\Innovator.git\Documentation Scripts\APIReferenceDotNet\Working\BuildTopics.proj]
BuildAssembler : warning : ResolveReferenceLinksComponent: [M:Aras.IOME.CheckinManager.GetConflictDetectionRuleFactory] Unknown reference link target &#39;T:Aras.IOME.ConflictDetection.ConflictDetectionRuleFactory&#39;. [C:\Builds\CI\27963\Innovator.git\Documentation Scripts\APIReferenceDotNet\Working\BuildTopics.proj]
BuildAssembler : warning : ResolveReferenceLinksComponent: [N:Aras.Net] Unknown reference link target &#39;T:Aras.Net.WindowsAuthenticationHelper&#39;. [C:\Builds\CI\27963\Innovator.git\Documentation Scripts\APIReferenceDotNet\Working\BuildTopics.proj]
BuildAssembler : warning : ResolveReferenceLinksComponent: [N:Aras.Net] Unknown reference link target &#39;T:Aras.Net.WindowsAuthenticationHelper&#39;. [C:\Builds\CI\27963\Innovator.git\Documentation Scripts\APIReferenceDotNet\Working\BuildTopics.proj]
BuildAssembler : warning : ResolveReferenceLinksComponent: [T:Aras.Net.IWindowsAuthHelperComConnectorComIncoming] Unknown reference link target &#39;M:CreateHttpWebRequest&#39;. [C:\Builds\CI\27963\Innovator.git\Documentation Scripts\APIReferenceDotNet\Working\BuildTopics.proj]
BuildAssembler : warning : ResolveReferenceLinksComponent: [T:Aras.Net.IWindowsAuthHelperComConnectorComIncoming] Invalid reference link target &#39;M:CreateHttpWebRequest&#39;. [C:\Builds\CI\27963\Innovator.git\Documentation Scripts\APIReferenceDotNet\Working\BuildTopics.proj]
BuildAssembler : warning : ResolveReferenceLinksComponent: [T:Aras.Net.IWindowsAuthHelperComConnectorComIncoming] Unknown reference link target &#39;M:CreateXmlDocument&#39;. [C:\Builds\CI\27963\Innovator.git\Documentation Scripts\APIReferenceDotNet\Working\BuildTopics.proj]
BuildAssembler : warning : ResolveReferenceLinksComponent: [T:Aras.Net.IWindowsAuthHelperComConnectorComIncoming] Invalid reference link target &#39;M:CreateXmlDocument&#39;. [C:\Builds\CI\27963\Innovator.git\Documentation Scripts\APIReferenceDotNet\Working\BuildTopics.proj]
BuildAssembler : warning : ResolveReferenceLinksComponent: [T:Aras.Net.IWindowsAuthHelperComConnectorComIncoming] Unknown reference link target &#39;M:CreateHttpWebRequest&#39;. [C:\Builds\CI\27963\Innovator.git\Documentation Scripts\APIReferenceDotNet\Working\BuildTopics.proj]
BuildAssembler : warning : ResolveReferenceLinksComponent: [T:Aras.Net.IWindowsAuthHelperComConnectorComIncoming] Invalid reference link target &#39;M:CreateHttpWebRequest&#39;. [C:\Builds\CI\27963\Innovator.git\Documentation Scripts\APIReferenceDotNet\Working\BuildTopics.proj]
BuildAssembler : warning : ResolveReferenceLinksComponent: [T:Aras.Net.IWindowsAuthHelperComConnectorComIncoming] Unknown reference link target &#39;M:CreateXmlDocument&#39;. [C:\Builds\CI\27963\Innovator.git\Documentation Scripts\APIReferenceDotNet\Working\BuildTopics.proj]
BuildAssembler : warning : ResolveReferenceLinksComponent: [T:Aras.Net.IWindowsAuthHelperComConnectorComIncoming] Invalid reference link target &#39;M:CreateXmlDocument&#39;. [C:\Builds\CI\27963\Innovator.git\Documentation Scripts\APIReferenceDotNet\Working\BuildTopics.proj]
BuildAssembler : warning : ResolveReferenceLinksComponent: [Methods.T:Aras.Net.IWindowsAuthHelperComConnectorComIncoming] Unknown reference link target &#39;M:CreateHttpWebRequest&#39;. [C:\Builds\CI\27963\Innovator.git\Documentation Scripts\APIReferenceDotNet\Working\BuildTopics.proj]
BuildAssembler : warning : ResolveReferenceLinksComponent: [Methods.T:Aras.Net.IWindowsAuthHelperComConnectorComIncoming] Invalid reference link target &#39;M:CreateHttpWebRequest&#39;. [C:\Builds\CI\27963\Innovator.git\Documentation Scripts\APIReferenceDotNet\Working\BuildTopics.proj]
BuildAssembler : warning : ResolveReferenceLinksComponent: [Methods.T:Aras.Net.IWindowsAuthHelperComConnectorComIncoming] Unknown reference link target &#39;M:CreateXmlDocument&#39;. [C:\Builds\CI\27963\Innovator.git\Documentation Scripts\APIReferenceDotNet\Working\BuildTopics.proj]
BuildAssembler : warning : ResolveReferenceLinksComponent: [Methods.T:Aras.Net.IWindowsAuthHelperComConnectorComIncoming] Invalid reference link target &#39;M:CreateXmlDocument&#39;. [C:\Builds\CI\27963\Innovator.git\Documentation Scripts\APIReferenceDotNet\Working\BuildTopics.proj]
BuildAssembler : warning : ResolveReferenceLinksComponent: [Methods.T:Aras.Net.IWindowsAuthHelperComConnectorComIncoming] Unknown reference link target &#39;M:CreateHttpWebRequest&#39;. [C:\Builds\CI\27963\Innovator.git\Documentation Scripts\APIReferenceDotNet\Working\BuildTopics.proj]
BuildAssembler : warning : ResolveReferenceLinksComponent: [Methods.T:Aras.Net.IWindowsAuthHelperComConnectorComIncoming] Invalid reference link target &#39;M:CreateHttpWebRequest&#39;. [C:\Builds\CI\27963\Innovator.git\Documentation Scripts\APIReferenceDotNet\Working\BuildTopics.proj]
BuildAssembler : warning : ResolveReferenceLinksComponent: [Methods.T:Aras.Net.IWindowsAuthHelperComConnectorComIncoming] Unknown reference link target &#39;M:CreateXmlDocument&#39;. [C:\Builds\CI\27963\Innovator.git\Documentation Scripts\APIReferenceDotNet\Working\BuildTopics.proj]
BuildAssembler : warning : ResolveReferenceLinksComponent: [Methods.T:Aras.Net.IWindowsAuthHelperComConnectorComIncoming] Invalid reference link target &#39;M:CreateXmlDocument&#39;. [C:\Builds\CI\27963\Innovator.git\Documentation Scripts\APIReferenceDotNet\Working\BuildTopics.proj]
BuildAssembler : warning : ResolveReferenceLinksComponent: [M:Aras.Net.IWindowsAuthHelperComConnectorComIncoming.SetDefaultCredentials(System.Net.ICredentials)] Unknown reference link target &#39;M:CreateHttpWebRequest&#39;. [C:\Builds\CI\27963\Innovator.git\Documentation Scripts\APIReferenceDotNet\Working\BuildTopics.proj]
BuildAssembler : warning : ResolveReferenceLinksComponent: [M:Aras.Net.IWindowsAuthHelperComConnectorComIncoming.SetDefaultCredentials(System.Net.ICredentials)] Invalid reference link target &#39;M:CreateHttpWebRequest&#39;. [C:\Builds\CI\27963\Innovator.git\Documentation Scripts\APIReferenceDotNet\Working\BuildTopics.proj]
BuildAssembler : warning : ResolveReferenceLinksComponent: [M:Aras.Net.IWindowsAuthHelperComConnectorComIncoming.SetDefaultCredentials(System.Net.ICredentials)] Unknown reference link target &#39;M:CreateXmlDocument&#39;. [C:\Builds\CI\27963\Innovator.git\Documentation Scripts\APIReferenceDotNet\Working\BuildTopics.proj]
BuildAssembler : warning : ResolveReferenceLinksComponent: [M:Aras.Net.IWindowsAuthHelperComConnectorComIncoming.SetDefaultCredentials(System.Net.ICredentials)] Invalid reference link target &#39;M:CreateXmlDocument&#39;. [C:\Builds\CI\27963\Innovator.git\Documentation Scripts\APIReferenceDotNet\Working\BuildTopics.proj]
BuildAssembler : warning : ResolveReferenceLinksComponent: [M:Aras.Net.IWindowsAuthHelperComConnectorComIncoming.SetDefaultCredentials(System.Net.ICredentials)] Unknown reference link target &#39;M:CreateHttpWebRequest&#39;. [C:\Builds\CI\27963\Innovator.git\Documentation Scripts\APIReferenceDotNet\Working\BuildTopics.proj]
BuildAssembler : warning : ResolveReferenceLinksComponent: [M:Aras.Net.IWindowsAuthHelperComConnectorComIncoming.SetDefaultCredentials(System.Net.ICredentials)] Invalid reference link target &#39;M:CreateHttpWebRequest&#39;. [C:\Builds\CI\27963\Innovator.git\Documentation Scripts\APIReferenceDotNet\Working\BuildTopics.proj]
BuildAssembler : warning : ResolveReferenceLinksComponent: [M:Aras.Net.IWindowsAuthHelperComConnectorComIncoming.SetDefaultCredentials(System.Net.ICredentials)] Unknown reference link target &#39;M:CreateXmlDocument&#39;. [C:\Builds\CI\27963\Innovator.git\Documentation Scripts\APIReferenceDotNet\Working\BuildTopics.proj]
BuildAssembler : warning : ResolveReferenceLinksComponent: [M:Aras.Net.IWindowsAuthHelperComConnectorComIncoming.SetDefaultCredentials(System.Net.ICredentials)] Invalid reference link target &#39;M:CreateXmlDocument&#39;. [C:\Builds\CI\27963\Innovator.git\Documentation Scripts\APIReferenceDotNet\Working\BuildTopics.proj]
BuildAssembler : warning : ResolveReferenceLinksComponent: [T:Aras.Net.WindowsAuthHelperComConnector] Unknown reference link target &#39;T:Aras.Net.WindowsAuthenticationHelper&#39;. [C:\Builds\CI\27963\Innovator.git\Documentation Scripts\APIReferenceDotNet\Working\BuildTopics.proj]
BuildAssembler : warning : ResolveReferenceLinksComponent: [T:Aras.Net.WindowsAuthHelperComConnector] Unknown reference link target &#39;M:WindowsAuthenticationHelper.CreateHttpWebRequest&#39;. [C:\Builds\CI\27963\Innovator.git\Documentation Scripts\APIReferenceDotNet\Working\BuildTopics.proj]
BuildAssembler : warning : ResolveReferenceLinksComponent: [T:Aras.Net.WindowsAuthHelperComConnector] Unknown reference link target &#39;M:WindowsAuthenticationHelper.CreateXmlDocument&#39;. [C:\Builds\CI\27963\Innovator.git\Documentation Scripts\APIReferenceDotNet\Working\BuildTopics.proj]
BuildAssembler : warning : ResolveReferenceLinksComponent: [T:Aras.Net.WindowsAuthHelperComConnector] Unknown reference link target &#39;T:Aras.Net.WindowsAuthenticationHelper&#39;. [C:\Builds\CI\27963\Innovator.git\Documentation Scripts\APIReferenceDotNet\Working\BuildTopics.proj]
BuildAssembler : warning : ResolveReferenceLinksComponent: [T:Aras.Net.WindowsAuthHelperComConnector] Unknown reference link target &#39;M:WindowsAuthenticationHelper.CreateHttpWebRequest&#39;. [C:\Builds\CI\27963\Innovator.git\Documentation Scripts\APIReferenceDotNet\Working\BuildTopics.proj]
BuildAssembler : warning : ResolveReferenceLinksComponent: [T:Aras.Net.WindowsAuthHelperComConnector] Unknown reference link target &#39;M:WindowsAuthenticationHelper.CreateXmlDocument&#39;. [C:\Builds\CI\27963\Innovator.git\Documentation Scripts\APIReferenceDotNet\Working\BuildTopics.proj]
BuildAssembler : warning : ResolveReferenceLinksComponent: [Methods.T:Aras.Net.WindowsAuthHelperComConnector] Unknown reference link target &#39;M:WindowsAuthenticationHelper.CreateHttpWebRequest&#39;. [C:\Builds\CI\27963\Innovator.git\Documentation Scripts\APIReferenceDotNet\Working\BuildTopics.proj]
BuildAssembler : warning : ResolveReferenceLinksComponent: [Methods.T:Aras.Net.WindowsAuthHelperComConnector] Unknown reference link target &#39;M:WindowsAuthenticationHelper.CreateXmlDocument&#39;. [C:\Builds\CI\27963\Innovator.git\Documentation Scripts\APIReferenceDotNet\Working\BuildTopics.proj]
BuildAssembler : warning : ResolveReferenceLinksComponent: [Methods.T:Aras.Net.WindowsAuthHelperComConnector] Unknown reference link target &#39;M:WindowsAuthenticationHelper.CreateHttpWebRequest&#39;. [C:\Builds\CI\27963\Innovator.git\Documentation Scripts\APIReferenceDotNet\Working\BuildTopics.proj]
BuildAssembler : warning : ResolveReferenceLinksComponent: [Methods.T:Aras.Net.WindowsAuthHelperComConnector] Unknown reference link target &#39;M:WindowsAuthenticationHelper.CreateXmlDocument&#39;. [C:\Builds\CI\27963\Innovator.git\Documentation Scripts\APIReferenceDotNet\Working\BuildTopics.proj]
BuildAssembler : warning : ResolveReferenceLinksComponent: [M:Aras.Net.WindowsAuthHelperComConnector.SetDefaultCredentials(System.Net.ICredentials)] Unknown reference link target &#39;M:WindowsAuthenticationHelper.CreateHttpWebRequest&#39;. [C:\Builds\CI\27963\Innovator.git\Documentation Scripts\APIReferenceDotNet\Working\BuildTopics.proj]
BuildAssembler : warning : ResolveReferenceLinksComponent: [M:Aras.Net.WindowsAuthHelperComConnector.SetDefaultCredentials(System.Net.ICredentials)] Unknown reference link target &#39;M:WindowsAuthenticationHelper.CreateXmlDocument&#39;. [C:\Builds\CI\27963\Innovator.git\Documentation Scripts\APIReferenceDotNet\Working\BuildTopics.proj]
BuildAssembler : warning : ResolveReferenceLinksComponent: [M:Aras.Net.WindowsAuthHelperComConnector.SetDefaultCredentials(System.Net.ICredentials)] Unknown reference link target &#39;M:WindowsAuthenticationHelper.CreateHttpWebRequest&#39;. [C:\Builds\CI\27963\Innovator.git\Documentation Scripts\APIReferenceDotNet\Working\BuildTopics.proj]
BuildAssembler : warning : ResolveReferenceLinksComponent: [M:Aras.Net.WindowsAuthHelperComConnector.SetDefaultCredentials(System.Net.ICredentials)] Unknown reference link target &#39;M:WindowsAuthenticationHelper.CreateXmlDocument&#39;. [C:\Builds\CI\27963\Innovator.git\Documentation Scripts\APIReferenceDotNet\Working\BuildTopics.proj]
  Processed 488 topic(s)
  66 warning(s)
  CopyFromIndexComponent: &quot;reflection&quot; in-memory cache entries used: 12 of 15.
  CopyFromIndexComponent: &quot;comments&quot; in-memory cache entries used: 5 of 30.
Done Building Project &quot;C:\Builds\CI\27963\Innovator.git\Documentation Scripts\APIReferenceDotNet\Working\BuildTopics.proj&quot; (default targets).
    Last step completed in 00:00:13.6774
</buildStep>
<buildStep step="CombiningIntermediateTocFiles">
Combining conceptual and API intermediate TOC files...
    Last step completed in 00:00:00.0050
</buildStep>
<buildStep step="ExtractingHtmlInfo">
Extracting HTML info for HTML Help 1 and/or website...
[C:\Program Files (x86)\Microsoft Visual Studio\2019\BuildTools\MSBuild\Current\Bin\MSBuild.exe - ExtractHtmlInfo.proj]
Sandcastle Help File Builder and Tools, version 2018.7.8.0
Copyright c 2006-2018, Eric Woodruff, All Rights Reserved
E-Mail: Eric@EWoodruff.us

Using LCID &#39;1033&#39;, code page &#39;65001&#39;, encoding charset &#39;UTF-8&#39;.

Processing Help 1 files in C:\Builds\CI\27963\Innovator.git\Documentation Scripts\APIReferenceDotNet\Working\Output\HtmlHelp1
Processed 488 HTML files
Sorting keywords and generating See Also indices
Saving HTML Help 1 keyword index to C:\Builds\CI\27963\Innovator.git\Documentation Scripts\APIReferenceDotNet\Working\Innovator-.NET-API-Reference.hhk
Saving HTML Help 1 table of contents to C:\Builds\CI\27963\Innovator.git\Documentation Scripts\APIReferenceDotNet\Working\Innovator-.NET-API-Reference.hhc

Processing website files in C:\Builds\CI\27963\Innovator.git\Documentation Scripts\APIReferenceDotNet\Working\Output\Website
Processed 488 HTML files
Sorting keywords and generating See Also indices
Saving website keyword index to C:\Builds\CI\27963\Innovator.git\Documentation Scripts\APIReferenceDotNet\Working\WebKI.xml
Saving website table of contents to C:\Builds\CI\27963\Innovator.git\Documentation Scripts\APIReferenceDotNet\Working\WebTOC.xml
    Last step completed in 00:00:00.5381
</buildStep>
<buildStep step="CopyStandardHelpContent">
Copying standard help content...
C:\Builds\CI\27963\Innovator.git\Documentation Scripts\packages\EWSoftware.SHFB.2018.7.8.1\tools\PresentationStyles\VS2013\icons\AlertCaution.png -&gt; C:\Builds\CI\27963\Innovator.git\Documentation Scripts\APIReferenceDotNet\Working\Output\HtmlHelp1\icons\AlertCaution.png
C:\Builds\CI\27963\Innovator.git\Documentation Scripts\packages\EWSoftware.SHFB.2018.7.8.1\tools\PresentationStyles\VS2013\icons\AlertNote.png -&gt; C:\Builds\CI\27963\Innovator.git\Documentation Scripts\APIReferenceDotNet\Working\Output\HtmlHelp1\icons\AlertNote.png
C:\Builds\CI\27963\Innovator.git\Documentation Scripts\packages\EWSoftware.SHFB.2018.7.8.1\tools\PresentationStyles\VS2013\icons\AlertSecurity.png -&gt; C:\Builds\CI\27963\Innovator.git\Documentation Scripts\APIReferenceDotNet\Working\Output\HtmlHelp1\icons\AlertSecurity.png
C:\Builds\CI\27963\Innovator.git\Documentation Scripts\packages\EWSoftware.SHFB.2018.7.8.1\tools\PresentationStyles\VS2013\icons\CFW.gif -&gt; C:\Builds\CI\27963\Innovator.git\Documentation Scripts\APIReferenceDotNet\Working\Output\HtmlHelp1\icons\CFW.gif
C:\Builds\CI\27963\Innovator.git\Documentation Scripts\packages\EWSoftware.SHFB.2018.7.8.1\tools\PresentationStyles\VS2013\icons\CodeExample.png -&gt; C:\Builds\CI\27963\Innovator.git\Documentation Scripts\APIReferenceDotNet\Working\Output\HtmlHelp1\icons\CodeExample.png
C:\Builds\CI\27963\Innovator.git\Documentation Scripts\packages\EWSoftware.SHFB.2018.7.8.1\tools\PresentationStyles\VS2013\icons\favicon.ico -&gt; C:\Builds\CI\27963\Innovator.git\Documentation Scripts\APIReferenceDotNet\Working\Output\HtmlHelp1\icons\favicon.ico
C:\Builds\CI\27963\Innovator.git\Documentation Scripts\packages\EWSoftware.SHFB.2018.7.8.1\tools\PresentationStyles\VS2013\icons\privclass.gif -&gt; C:\Builds\CI\27963\Innovator.git\Documentation Scripts\APIReferenceDotNet\Working\Output\HtmlHelp1\icons\privclass.gif
C:\Builds\CI\27963\Innovator.git\Documentation Scripts\packages\EWSoftware.SHFB.2018.7.8.1\tools\PresentationStyles\VS2013\icons\privdelegate.gif -&gt; C:\Builds\CI\27963\Innovator.git\Documentation Scripts\APIReferenceDotNet\Working\Output\HtmlHelp1\icons\privdelegate.gif
C:\Builds\CI\27963\Innovator.git\Documentation Scripts\packages\EWSoftware.SHFB.2018.7.8.1\tools\PresentationStyles\VS2013\icons\privenumeration.gif -&gt; C:\Builds\CI\27963\Innovator.git\Documentation Scripts\APIReferenceDotNet\Working\Output\HtmlHelp1\icons\privenumeration.gif
C:\Builds\CI\27963\Innovator.git\Documentation Scripts\packages\EWSoftware.SHFB.2018.7.8.1\tools\PresentationStyles\VS2013\icons\privevent.gif -&gt; C:\Builds\CI\27963\Innovator.git\Documentation Scripts\APIReferenceDotNet\Working\Output\HtmlHelp1\icons\privevent.gif
C:\Builds\CI\27963\Innovator.git\Documentation Scripts\packages\EWSoftware.SHFB.2018.7.8.1\tools\PresentationStyles\VS2013\icons\privextension.gif -&gt; C:\Builds\CI\27963\Innovator.git\Documentation Scripts\APIReferenceDotNet\Working\Output\HtmlHelp1\icons\privextension.gif
C:\Builds\CI\27963\Innovator.git\Documentation Scripts\packages\EWSoftware.SHFB.2018.7.8.1\tools\PresentationStyles\VS2013\icons\privfield.gif -&gt; C:\Builds\CI\27963\Innovator.git\Documentation Scripts\APIReferenceDotNet\Working\Output\HtmlHelp1\icons\privfield.gif
C:\Builds\CI\27963\Innovator.git\Documentation Scripts\packages\EWSoftware.SHFB.2018.7.8.1\tools\PresentationStyles\VS2013\icons\privinterface.gif -&gt; C:\Builds\CI\27963\Innovator.git\Documentation Scripts\APIReferenceDotNet\Working\Output\HtmlHelp1\icons\privinterface.gif
C:\Builds\CI\27963\Innovator.git\Documentation Scripts\packages\EWSoftware.SHFB.2018.7.8.1\tools\PresentationStyles\VS2013\icons\privmethod.gif -&gt; C:\Builds\CI\27963\Innovator.git\Documentation Scripts\APIReferenceDotNet\Working\Output\HtmlHelp1\icons\privmethod.gif
C:\Builds\CI\27963\Innovator.git\Documentation Scripts\packages\EWSoftware.SHFB.2018.7.8.1\tools\PresentationStyles\VS2013\icons\privproperty.gif -&gt; C:\Builds\CI\27963\Innovator.git\Documentation Scripts\APIReferenceDotNet\Working\Output\HtmlHelp1\icons\privproperty.gif
C:\Builds\CI\27963\Innovator.git\Documentation Scripts\packages\EWSoftware.SHFB.2018.7.8.1\tools\PresentationStyles\VS2013\icons\privstructure.gif -&gt; C:\Builds\CI\27963\Innovator.git\Documentation Scripts\APIReferenceDotNet\Working\Output\HtmlHelp1\icons\privstructure.gif
C:\Builds\CI\27963\Innovator.git\Documentation Scripts\packages\EWSoftware.SHFB.2018.7.8.1\tools\PresentationStyles\VS2013\icons\protclass.gif -&gt; C:\Builds\CI\27963\Innovator.git\Documentation Scripts\APIReferenceDotNet\Working\Output\HtmlHelp1\icons\protclass.gif
C:\Builds\CI\27963\Innovator.git\Documentation Scripts\packages\EWSoftware.SHFB.2018.7.8.1\tools\PresentationStyles\VS2013\icons\protdelegate.gif -&gt; C:\Builds\CI\27963\Innovator.git\Documentation Scripts\APIReferenceDotNet\Working\Output\HtmlHelp1\icons\protdelegate.gif
C:\Builds\CI\27963\Innovator.git\Documentation Scripts\packages\EWSoftware.SHFB.2018.7.8.1\tools\PresentationStyles\VS2013\icons\protenumeration.gif -&gt; C:\Builds\CI\27963\Innovator.git\Documentation Scripts\APIReferenceDotNet\Working\Output\HtmlHelp1\icons\protenumeration.gif
C:\Builds\CI\27963\Innovator.git\Documentation Scripts\packages\EWSoftware.SHFB.2018.7.8.1\tools\PresentationStyles\VS2013\icons\protevent.gif -&gt; C:\Builds\CI\27963\Innovator.git\Documentation Scripts\APIReferenceDotNet\Working\Output\HtmlHelp1\icons\protevent.gif
C:\Builds\CI\27963\Innovator.git\Documentation Scripts\packages\EWSoftware.SHFB.2018.7.8.1\tools\PresentationStyles\VS2013\icons\protextension.gif -&gt; C:\Builds\CI\27963\Innovator.git\Documentation Scripts\APIReferenceDotNet\Working\Output\HtmlHelp1\icons\protextension.gif
C:\Builds\CI\27963\Innovator.git\Documentation Scripts\packages\EWSoftware.SHFB.2018.7.8.1\tools\PresentationStyles\VS2013\icons\protfield.gif -&gt; C:\Builds\CI\27963\Innovator.git\Documentation Scripts\APIReferenceDotNet\Working\Output\HtmlHelp1\icons\protfield.gif
C:\Builds\CI\27963\Innovator.git\Documentation Scripts\packages\EWSoftware.SHFB.2018.7.8.1\tools\PresentationStyles\VS2013\icons\protinterface.gif -&gt; C:\Builds\CI\27963\Innovator.git\Documentation Scripts\APIReferenceDotNet\Working\Output\HtmlHelp1\icons\protinterface.gif
C:\Builds\CI\27963\Innovator.git\Documentation Scripts\packages\EWSoftware.SHFB.2018.7.8.1\tools\PresentationStyles\VS2013\icons\protmethod.gif -&gt; C:\Builds\CI\27963\Innovator.git\Documentation Scripts\APIReferenceDotNet\Working\Output\HtmlHelp1\icons\protmethod.gif
C:\Builds\CI\27963\Innovator.git\Documentation Scripts\packages\EWSoftware.SHFB.2018.7.8.1\tools\PresentationStyles\VS2013\icons\protoperator.gif -&gt; C:\Builds\CI\27963\Innovator.git\Documentation Scripts\APIReferenceDotNet\Working\Output\HtmlHelp1\icons\protoperator.gif
C:\Builds\CI\27963\Innovator.git\Documentation Scripts\packages\EWSoftware.SHFB.2018.7.8.1\tools\PresentationStyles\VS2013\icons\protproperty.gif -&gt; C:\Builds\CI\27963\Innovator.git\Documentation Scripts\APIReferenceDotNet\Working\Output\HtmlHelp1\icons\protproperty.gif
C:\Builds\CI\27963\Innovator.git\Documentation Scripts\packages\EWSoftware.SHFB.2018.7.8.1\tools\PresentationStyles\VS2013\icons\protstructure.gif -&gt; C:\Builds\CI\27963\Innovator.git\Documentation Scripts\APIReferenceDotNet\Working\Output\HtmlHelp1\icons\protstructure.gif
C:\Builds\CI\27963\Innovator.git\Documentation Scripts\packages\EWSoftware.SHFB.2018.7.8.1\tools\PresentationStyles\VS2013\icons\pubclass.gif -&gt; C:\Builds\CI\27963\Innovator.git\Documentation Scripts\APIReferenceDotNet\Working\Output\HtmlHelp1\icons\pubclass.gif
C:\Builds\CI\27963\Innovator.git\Documentation Scripts\packages\EWSoftware.SHFB.2018.7.8.1\tools\PresentationStyles\VS2013\icons\pubdelegate.gif -&gt; C:\Builds\CI\27963\Innovator.git\Documentation Scripts\APIReferenceDotNet\Working\Output\HtmlHelp1\icons\pubdelegate.gif
C:\Builds\CI\27963\Innovator.git\Documentation Scripts\packages\EWSoftware.SHFB.2018.7.8.1\tools\PresentationStyles\VS2013\icons\pubenumeration.gif -&gt; C:\Builds\CI\27963\Innovator.git\Documentation Scripts\APIReferenceDotNet\Working\Output\HtmlHelp1\icons\pubenumeration.gif
C:\Builds\CI\27963\Innovator.git\Documentation Scripts\packages\EWSoftware.SHFB.2018.7.8.1\tools\PresentationStyles\VS2013\icons\pubevent.gif -&gt; C:\Builds\CI\27963\Innovator.git\Documentation Scripts\APIReferenceDotNet\Working\Output\HtmlHelp1\icons\pubevent.gif
C:\Builds\CI\27963\Innovator.git\Documentation Scripts\packages\EWSoftware.SHFB.2018.7.8.1\tools\PresentationStyles\VS2013\icons\pubextension.gif -&gt; C:\Builds\CI\27963\Innovator.git\Documentation Scripts\APIReferenceDotNet\Working\Output\HtmlHelp1\icons\pubextension.gif
C:\Builds\CI\27963\Innovator.git\Documentation Scripts\packages\EWSoftware.SHFB.2018.7.8.1\tools\PresentationStyles\VS2013\icons\pubfield.gif -&gt; C:\Builds\CI\27963\Innovator.git\Documentation Scripts\APIReferenceDotNet\Working\Output\HtmlHelp1\icons\pubfield.gif
C:\Builds\CI\27963\Innovator.git\Documentation Scripts\packages\EWSoftware.SHFB.2018.7.8.1\tools\PresentationStyles\VS2013\icons\pubinterface.gif -&gt; C:\Builds\CI\27963\Innovator.git\Documentation Scripts\APIReferenceDotNet\Working\Output\HtmlHelp1\icons\pubinterface.gif
C:\Builds\CI\27963\Innovator.git\Documentation Scripts\packages\EWSoftware.SHFB.2018.7.8.1\tools\PresentationStyles\VS2013\icons\pubmethod.gif -&gt; C:\Builds\CI\27963\Innovator.git\Documentation Scripts\APIReferenceDotNet\Working\Output\HtmlHelp1\icons\pubmethod.gif
C:\Builds\CI\27963\Innovator.git\Documentation Scripts\packages\EWSoftware.SHFB.2018.7.8.1\tools\PresentationStyles\VS2013\icons\puboperator.gif -&gt; C:\Builds\CI\27963\Innovator.git\Documentation Scripts\APIReferenceDotNet\Working\Output\HtmlHelp1\icons\puboperator.gif
C:\Builds\CI\27963\Innovator.git\Documentation Scripts\packages\EWSoftware.SHFB.2018.7.8.1\tools\PresentationStyles\VS2013\icons\pubproperty.gif -&gt; C:\Builds\CI\27963\Innovator.git\Documentation Scripts\APIReferenceDotNet\Working\Output\HtmlHelp1\icons\pubproperty.gif
C:\Builds\CI\27963\Innovator.git\Documentation Scripts\packages\EWSoftware.SHFB.2018.7.8.1\tools\PresentationStyles\VS2013\icons\pubstructure.gif -&gt; C:\Builds\CI\27963\Innovator.git\Documentation Scripts\APIReferenceDotNet\Working\Output\HtmlHelp1\icons\pubstructure.gif
C:\Builds\CI\27963\Innovator.git\Documentation Scripts\packages\EWSoftware.SHFB.2018.7.8.1\tools\PresentationStyles\VS2013\icons\SectionCollapsed.png -&gt; C:\Builds\CI\27963\Innovator.git\Documentation Scripts\APIReferenceDotNet\Working\Output\HtmlHelp1\icons\SectionCollapsed.png
C:\Builds\CI\27963\Innovator.git\Documentation Scripts\packages\EWSoftware.SHFB.2018.7.8.1\tools\PresentationStyles\VS2013\icons\SectionExpanded.png -&gt; C:\Builds\CI\27963\Innovator.git\Documentation Scripts\APIReferenceDotNet\Working\Output\HtmlHelp1\icons\SectionExpanded.png
C:\Builds\CI\27963\Innovator.git\Documentation Scripts\packages\EWSoftware.SHFB.2018.7.8.1\tools\PresentationStyles\VS2013\icons\slMobile.gif -&gt; C:\Builds\CI\27963\Innovator.git\Documentation Scripts\APIReferenceDotNet\Working\Output\HtmlHelp1\icons\slMobile.gif
C:\Builds\CI\27963\Innovator.git\Documentation Scripts\packages\EWSoftware.SHFB.2018.7.8.1\tools\PresentationStyles\VS2013\icons\static.gif -&gt; C:\Builds\CI\27963\Innovator.git\Documentation Scripts\APIReferenceDotNet\Working\Output\HtmlHelp1\icons\static.gif
C:\Builds\CI\27963\Innovator.git\Documentation Scripts\packages\EWSoftware.SHFB.2018.7.8.1\tools\PresentationStyles\VS2013\icons\xna.gif -&gt; C:\Builds\CI\27963\Innovator.git\Documentation Scripts\APIReferenceDotNet\Working\Output\HtmlHelp1\icons\xna.gif
C:\Builds\CI\27963\Innovator.git\Documentation Scripts\packages\EWSoftware.SHFB.2018.7.8.1\tools\PresentationStyles\VS2013\scripts\branding.js -&gt; C:\Builds\CI\27963\Innovator.git\Documentation Scripts\APIReferenceDotNet\Working\Output\HtmlHelp1\scripts\branding.js
C:\Builds\CI\27963\Innovator.git\Documentation Scripts\packages\EWSoftware.SHFB.2018.7.8.1\tools\PresentationStyles\VS2013\styles\branding-cs-CZ.css -&gt; C:\Builds\CI\27963\Innovator.git\Documentation Scripts\APIReferenceDotNet\Working\Output\HtmlHelp1\styles\branding-cs-CZ.css
C:\Builds\CI\27963\Innovator.git\Documentation Scripts\packages\EWSoftware.SHFB.2018.7.8.1\tools\PresentationStyles\VS2013\styles\branding-de-DE.css -&gt; C:\Builds\CI\27963\Innovator.git\Documentation Scripts\APIReferenceDotNet\Working\Output\HtmlHelp1\styles\branding-de-DE.css
C:\Builds\CI\27963\Innovator.git\Documentation Scripts\packages\EWSoftware.SHFB.2018.7.8.1\tools\PresentationStyles\VS2013\styles\branding-en-US.css -&gt; C:\Builds\CI\27963\Innovator.git\Documentation Scripts\APIReferenceDotNet\Working\Output\HtmlHelp1\styles\branding-en-US.css
C:\Builds\CI\27963\Innovator.git\Documentation Scripts\packages\EWSoftware.SHFB.2018.7.8.1\tools\PresentationStyles\VS2013\styles\branding-es-ES.css -&gt; C:\Builds\CI\27963\Innovator.git\Documentation Scripts\APIReferenceDotNet\Working\Output\HtmlHelp1\styles\branding-es-ES.css
C:\Builds\CI\27963\Innovator.git\Documentation Scripts\packages\EWSoftware.SHFB.2018.7.8.1\tools\PresentationStyles\VS2013\styles\branding-fr-FR.css -&gt; C:\Builds\CI\27963\Innovator.git\Documentation Scripts\APIReferenceDotNet\Working\Output\HtmlHelp1\styles\branding-fr-FR.css
C:\Builds\CI\27963\Innovator.git\Documentation Scripts\packages\EWSoftware.SHFB.2018.7.8.1\tools\PresentationStyles\VS2013\styles\branding-Help1.css -&gt; C:\Builds\CI\27963\Innovator.git\Documentation Scripts\APIReferenceDotNet\Working\Output\HtmlHelp1\styles\branding-Help1.css
C:\Builds\CI\27963\Innovator.git\Documentation Scripts\packages\EWSoftware.SHFB.2018.7.8.1\tools\PresentationStyles\VS2013\styles\branding-HelpViewer.css -&gt; C:\Builds\CI\27963\Innovator.git\Documentation Scripts\APIReferenceDotNet\Working\Output\HtmlHelp1\styles\branding-HelpViewer.css
C:\Builds\CI\27963\Innovator.git\Documentation Scripts\packages\EWSoftware.SHFB.2018.7.8.1\tools\PresentationStyles\VS2013\styles\branding-it-IT.css -&gt; C:\Builds\CI\27963\Innovator.git\Documentation Scripts\APIReferenceDotNet\Working\Output\HtmlHelp1\styles\branding-it-IT.css
C:\Builds\CI\27963\Innovator.git\Documentation Scripts\packages\EWSoftware.SHFB.2018.7.8.1\tools\PresentationStyles\VS2013\styles\branding-ja-JP.css -&gt; C:\Builds\CI\27963\Innovator.git\Documentation Scripts\APIReferenceDotNet\Working\Output\HtmlHelp1\styles\branding-ja-JP.css
C:\Builds\CI\27963\Innovator.git\Documentation Scripts\packages\EWSoftware.SHFB.2018.7.8.1\tools\PresentationStyles\VS2013\styles\branding-ko-KR.css -&gt; C:\Builds\CI\27963\Innovator.git\Documentation Scripts\APIReferenceDotNet\Working\Output\HtmlHelp1\styles\branding-ko-KR.css
C:\Builds\CI\27963\Innovator.git\Documentation Scripts\packages\EWSoftware.SHFB.2018.7.8.1\tools\PresentationStyles\VS2013\styles\branding-pl-PL.css -&gt; C:\Builds\CI\27963\Innovator.git\Documentation Scripts\APIReferenceDotNet\Working\Output\HtmlHelp1\styles\branding-pl-PL.css
C:\Builds\CI\27963\Innovator.git\Documentation Scripts\packages\EWSoftware.SHFB.2018.7.8.1\tools\PresentationStyles\VS2013\styles\branding-pt-BR.css -&gt; C:\Builds\CI\27963\Innovator.git\Documentation Scripts\APIReferenceDotNet\Working\Output\HtmlHelp1\styles\branding-pt-BR.css
C:\Builds\CI\27963\Innovator.git\Documentation Scripts\packages\EWSoftware.SHFB.2018.7.8.1\tools\PresentationStyles\VS2013\styles\branding-ru-RU.css -&gt; C:\Builds\CI\27963\Innovator.git\Documentation Scripts\APIReferenceDotNet\Working\Output\HtmlHelp1\styles\branding-ru-RU.css
C:\Builds\CI\27963\Innovator.git\Documentation Scripts\packages\EWSoftware.SHFB.2018.7.8.1\tools\PresentationStyles\VS2013\styles\branding-tr-TR.css -&gt; C:\Builds\CI\27963\Innovator.git\Documentation Scripts\APIReferenceDotNet\Working\Output\HtmlHelp1\styles\branding-tr-TR.css
C:\Builds\CI\27963\Innovator.git\Documentation Scripts\packages\EWSoftware.SHFB.2018.7.8.1\tools\PresentationStyles\VS2013\styles\branding-Website.css -&gt; C:\Builds\CI\27963\Innovator.git\Documentation Scripts\APIReferenceDotNet\Working\Output\HtmlHelp1\styles\branding-Website.css
C:\Builds\CI\27963\Innovator.git\Documentation Scripts\packages\EWSoftware.SHFB.2018.7.8.1\tools\PresentationStyles\VS2013\styles\branding-zh-CN.css -&gt; C:\Builds\CI\27963\Innovator.git\Documentation Scripts\APIReferenceDotNet\Working\Output\HtmlHelp1\styles\branding-zh-CN.css
C:\Builds\CI\27963\Innovator.git\Documentation Scripts\packages\EWSoftware.SHFB.2018.7.8.1\tools\PresentationStyles\VS2013\styles\branding-zh-TW.css -&gt; C:\Builds\CI\27963\Innovator.git\Documentation Scripts\APIReferenceDotNet\Working\Output\HtmlHelp1\styles\branding-zh-TW.css
C:\Builds\CI\27963\Innovator.git\Documentation Scripts\packages\EWSoftware.SHFB.2018.7.8.1\tools\PresentationStyles\VS2013\styles\branding.css -&gt; C:\Builds\CI\27963\Innovator.git\Documentation Scripts\APIReferenceDotNet\Working\Output\HtmlHelp1\styles\branding.css
C:\Builds\CI\27963\Innovator.git\Documentation Scripts\packages\EWSoftware.SHFB.2018.7.8.1\tools\PresentationStyles\VS2013\icons\AlertCaution.png -&gt; C:\Builds\CI\27963\Innovator.git\Documentation Scripts\APIReferenceDotNet\Working\Output\Website\icons\AlertCaution.png
C:\Builds\CI\27963\Innovator.git\Documentation Scripts\packages\EWSoftware.SHFB.2018.7.8.1\tools\PresentationStyles\VS2013\icons\AlertNote.png -&gt; C:\Builds\CI\27963\Innovator.git\Documentation Scripts\APIReferenceDotNet\Working\Output\Website\icons\AlertNote.png
C:\Builds\CI\27963\Innovator.git\Documentation Scripts\packages\EWSoftware.SHFB.2018.7.8.1\tools\PresentationStyles\VS2013\icons\AlertSecurity.png -&gt; C:\Builds\CI\27963\Innovator.git\Documentation Scripts\APIReferenceDotNet\Working\Output\Website\icons\AlertSecurity.png
C:\Builds\CI\27963\Innovator.git\Documentation Scripts\packages\EWSoftware.SHFB.2018.7.8.1\tools\PresentationStyles\VS2013\icons\CFW.gif -&gt; C:\Builds\CI\27963\Innovator.git\Documentation Scripts\APIReferenceDotNet\Working\Output\Website\icons\CFW.gif
C:\Builds\CI\27963\Innovator.git\Documentation Scripts\packages\EWSoftware.SHFB.2018.7.8.1\tools\PresentationStyles\VS2013\icons\CodeExample.png -&gt; C:\Builds\CI\27963\Innovator.git\Documentation Scripts\APIReferenceDotNet\Working\Output\Website\icons\CodeExample.png
C:\Builds\CI\27963\Innovator.git\Documentation Scripts\packages\EWSoftware.SHFB.2018.7.8.1\tools\PresentationStyles\VS2013\icons\favicon.ico -&gt; C:\Builds\CI\27963\Innovator.git\Documentation Scripts\APIReferenceDotNet\Working\Output\Website\icons\favicon.ico
C:\Builds\CI\27963\Innovator.git\Documentation Scripts\packages\EWSoftware.SHFB.2018.7.8.1\tools\PresentationStyles\VS2013\icons\privclass.gif -&gt; C:\Builds\CI\27963\Innovator.git\Documentation Scripts\APIReferenceDotNet\Working\Output\Website\icons\privclass.gif
C:\Builds\CI\27963\Innovator.git\Documentation Scripts\packages\EWSoftware.SHFB.2018.7.8.1\tools\PresentationStyles\VS2013\icons\privdelegate.gif -&gt; C:\Builds\CI\27963\Innovator.git\Documentation Scripts\APIReferenceDotNet\Working\Output\Website\icons\privdelegate.gif
C:\Builds\CI\27963\Innovator.git\Documentation Scripts\packages\EWSoftware.SHFB.2018.7.8.1\tools\PresentationStyles\VS2013\icons\privenumeration.gif -&gt; C:\Builds\CI\27963\Innovator.git\Documentation Scripts\APIReferenceDotNet\Working\Output\Website\icons\privenumeration.gif
C:\Builds\CI\27963\Innovator.git\Documentation Scripts\packages\EWSoftware.SHFB.2018.7.8.1\tools\PresentationStyles\VS2013\icons\privevent.gif -&gt; C:\Builds\CI\27963\Innovator.git\Documentation Scripts\APIReferenceDotNet\Working\Output\Website\icons\privevent.gif
C:\Builds\CI\27963\Innovator.git\Documentation Scripts\packages\EWSoftware.SHFB.2018.7.8.1\tools\PresentationStyles\VS2013\icons\privextension.gif -&gt; C:\Builds\CI\27963\Innovator.git\Documentation Scripts\APIReferenceDotNet\Working\Output\Website\icons\privextension.gif
C:\Builds\CI\27963\Innovator.git\Documentation Scripts\packages\EWSoftware.SHFB.2018.7.8.1\tools\PresentationStyles\VS2013\icons\privfield.gif -&gt; C:\Builds\CI\27963\Innovator.git\Documentation Scripts\APIReferenceDotNet\Working\Output\Website\icons\privfield.gif
C:\Builds\CI\27963\Innovator.git\Documentation Scripts\packages\EWSoftware.SHFB.2018.7.8.1\tools\PresentationStyles\VS2013\icons\privinterface.gif -&gt; C:\Builds\CI\27963\Innovator.git\Documentation Scripts\APIReferenceDotNet\Working\Output\Website\icons\privinterface.gif
C:\Builds\CI\27963\Innovator.git\Documentation Scripts\packages\EWSoftware.SHFB.2018.7.8.1\tools\PresentationStyles\VS2013\icons\privmethod.gif -&gt; C:\Builds\CI\27963\Innovator.git\Documentation Scripts\APIReferenceDotNet\Working\Output\Website\icons\privmethod.gif
C:\Builds\CI\27963\Innovator.git\Documentation Scripts\packages\EWSoftware.SHFB.2018.7.8.1\tools\PresentationStyles\VS2013\icons\privproperty.gif -&gt; C:\Builds\CI\27963\Innovator.git\Documentation Scripts\APIReferenceDotNet\Working\Output\Website\icons\privproperty.gif
C:\Builds\CI\27963\Innovator.git\Documentation Scripts\packages\EWSoftware.SHFB.2018.7.8.1\tools\PresentationStyles\VS2013\icons\privstructure.gif -&gt; C:\Builds\CI\27963\Innovator.git\Documentation Scripts\APIReferenceDotNet\Working\Output\Website\icons\privstructure.gif
C:\Builds\CI\27963\Innovator.git\Documentation Scripts\packages\EWSoftware.SHFB.2018.7.8.1\tools\PresentationStyles\VS2013\icons\protclass.gif -&gt; C:\Builds\CI\27963\Innovator.git\Documentation Scripts\APIReferenceDotNet\Working\Output\Website\icons\protclass.gif
C:\Builds\CI\27963\Innovator.git\Documentation Scripts\packages\EWSoftware.SHFB.2018.7.8.1\tools\PresentationStyles\VS2013\icons\protdelegate.gif -&gt; C:\Builds\CI\27963\Innovator.git\Documentation Scripts\APIReferenceDotNet\Working\Output\Website\icons\protdelegate.gif
C:\Builds\CI\27963\Innovator.git\Documentation Scripts\packages\EWSoftware.SHFB.2018.7.8.1\tools\PresentationStyles\VS2013\icons\protenumeration.gif -&gt; C:\Builds\CI\27963\Innovator.git\Documentation Scripts\APIReferenceDotNet\Working\Output\Website\icons\protenumeration.gif
C:\Builds\CI\27963\Innovator.git\Documentation Scripts\packages\EWSoftware.SHFB.2018.7.8.1\tools\PresentationStyles\VS2013\icons\protevent.gif -&gt; C:\Builds\CI\27963\Innovator.git\Documentation Scripts\APIReferenceDotNet\Working\Output\Website\icons\protevent.gif
C:\Builds\CI\27963\Innovator.git\Documentation Scripts\packages\EWSoftware.SHFB.2018.7.8.1\tools\PresentationStyles\VS2013\icons\protextension.gif -&gt; C:\Builds\CI\27963\Innovator.git\Documentation Scripts\APIReferenceDotNet\Working\Output\Website\icons\protextension.gif
C:\Builds\CI\27963\Innovator.git\Documentation Scripts\packages\EWSoftware.SHFB.2018.7.8.1\tools\PresentationStyles\VS2013\icons\protfield.gif -&gt; C:\Builds\CI\27963\Innovator.git\Documentation Scripts\APIReferenceDotNet\Working\Output\Website\icons\protfield.gif
C:\Builds\CI\27963\Innovator.git\Documentation Scripts\packages\EWSoftware.SHFB.2018.7.8.1\tools\PresentationStyles\VS2013\icons\protinterface.gif -&gt; C:\Builds\CI\27963\Innovator.git\Documentation Scripts\APIReferenceDotNet\Working\Output\Website\icons\protinterface.gif
C:\Builds\CI\27963\Innovator.git\Documentation Scripts\packages\EWSoftware.SHFB.2018.7.8.1\tools\PresentationStyles\VS2013\icons\protmethod.gif -&gt; C:\Builds\CI\27963\Innovator.git\Documentation Scripts\APIReferenceDotNet\Working\Output\Website\icons\protmethod.gif
C:\Builds\CI\27963\Innovator.git\Documentation Scripts\packages\EWSoftware.SHFB.2018.7.8.1\tools\PresentationStyles\VS2013\icons\protoperator.gif -&gt; C:\Builds\CI\27963\Innovator.git\Documentation Scripts\APIReferenceDotNet\Working\Output\Website\icons\protoperator.gif
C:\Builds\CI\27963\Innovator.git\Documentation Scripts\packages\EWSoftware.SHFB.2018.7.8.1\tools\PresentationStyles\VS2013\icons\protproperty.gif -&gt; C:\Builds\CI\27963\Innovator.git\Documentation Scripts\APIReferenceDotNet\Working\Output\Website\icons\protproperty.gif
C:\Builds\CI\27963\Innovator.git\Documentation Scripts\packages\EWSoftware.SHFB.2018.7.8.1\tools\PresentationStyles\VS2013\icons\protstructure.gif -&gt; C:\Builds\CI\27963\Innovator.git\Documentation Scripts\APIReferenceDotNet\Working\Output\Website\icons\protstructure.gif
C:\Builds\CI\27963\Innovator.git\Documentation Scripts\packages\EWSoftware.SHFB.2018.7.8.1\tools\PresentationStyles\VS2013\icons\pubclass.gif -&gt; C:\Builds\CI\27963\Innovator.git\Documentation Scripts\APIReferenceDotNet\Working\Output\Website\icons\pubclass.gif
C:\Builds\CI\27963\Innovator.git\Documentation Scripts\packages\EWSoftware.SHFB.2018.7.8.1\tools\PresentationStyles\VS2013\icons\pubdelegate.gif -&gt; C:\Builds\CI\27963\Innovator.git\Documentation Scripts\APIReferenceDotNet\Working\Output\Website\icons\pubdelegate.gif
C:\Builds\CI\27963\Innovator.git\Documentation Scripts\packages\EWSoftware.SHFB.2018.7.8.1\tools\PresentationStyles\VS2013\icons\pubenumeration.gif -&gt; C:\Builds\CI\27963\Innovator.git\Documentation Scripts\APIReferenceDotNet\Working\Output\Website\icons\pubenumeration.gif
C:\Builds\CI\27963\Innovator.git\Documentation Scripts\packages\EWSoftware.SHFB.2018.7.8.1\tools\PresentationStyles\VS2013\icons\pubevent.gif -&gt; C:\Builds\CI\27963\Innovator.git\Documentation Scripts\APIReferenceDotNet\Working\Output\Website\icons\pubevent.gif
C:\Builds\CI\27963\Innovator.git\Documentation Scripts\packages\EWSoftware.SHFB.2018.7.8.1\tools\PresentationStyles\VS2013\icons\pubextension.gif -&gt; C:\Builds\CI\27963\Innovator.git\Documentation Scripts\APIReferenceDotNet\Working\Output\Website\icons\pubextension.gif
C:\Builds\CI\27963\Innovator.git\Documentation Scripts\packages\EWSoftware.SHFB.2018.7.8.1\tools\PresentationStyles\VS2013\icons\pubfield.gif -&gt; C:\Builds\CI\27963\Innovator.git\Documentation Scripts\APIReferenceDotNet\Working\Output\Website\icons\pubfield.gif
C:\Builds\CI\27963\Innovator.git\Documentation Scripts\packages\EWSoftware.SHFB.2018.7.8.1\tools\PresentationStyles\VS2013\icons\pubinterface.gif -&gt; C:\Builds\CI\27963\Innovator.git\Documentation Scripts\APIReferenceDotNet\Working\Output\Website\icons\pubinterface.gif
C:\Builds\CI\27963\Innovator.git\Documentation Scripts\packages\EWSoftware.SHFB.2018.7.8.1\tools\PresentationStyles\VS2013\icons\pubmethod.gif -&gt; C:\Builds\CI\27963\Innovator.git\Documentation Scripts\APIReferenceDotNet\Working\Output\Website\icons\pubmethod.gif
C:\Builds\CI\27963\Innovator.git\Documentation Scripts\packages\EWSoftware.SHFB.2018.7.8.1\tools\PresentationStyles\VS2013\icons\puboperator.gif -&gt; C:\Builds\CI\27963\Innovator.git\Documentation Scripts\APIReferenceDotNet\Working\Output\Website\icons\puboperator.gif
C:\Builds\CI\27963\Innovator.git\Documentation Scripts\packages\EWSoftware.SHFB.2018.7.8.1\tools\PresentationStyles\VS2013\icons\pubproperty.gif -&gt; C:\Builds\CI\27963\Innovator.git\Documentation Scripts\APIReferenceDotNet\Working\Output\Website\icons\pubproperty.gif
C:\Builds\CI\27963\Innovator.git\Documentation Scripts\packages\EWSoftware.SHFB.2018.7.8.1\tools\PresentationStyles\VS2013\icons\pubstructure.gif -&gt; C:\Builds\CI\27963\Innovator.git\Documentation Scripts\APIReferenceDotNet\Working\Output\Website\icons\pubstructure.gif
C:\Builds\CI\27963\Innovator.git\Documentation Scripts\packages\EWSoftware.SHFB.2018.7.8.1\tools\PresentationStyles\VS2013\icons\SectionCollapsed.png -&gt; C:\Builds\CI\27963\Innovator.git\Documentation Scripts\APIReferenceDotNet\Working\Output\Website\icons\SectionCollapsed.png
C:\Builds\CI\27963\Innovator.git\Documentation Scripts\packages\EWSoftware.SHFB.2018.7.8.1\tools\PresentationStyles\VS2013\icons\SectionExpanded.png -&gt; C:\Builds\CI\27963\Innovator.git\Documentation Scripts\APIReferenceDotNet\Working\Output\Website\icons\SectionExpanded.png
C:\Builds\CI\27963\Innovator.git\Documentation Scripts\packages\EWSoftware.SHFB.2018.7.8.1\tools\PresentationStyles\VS2013\icons\slMobile.gif -&gt; C:\Builds\CI\27963\Innovator.git\Documentation Scripts\APIReferenceDotNet\Working\Output\Website\icons\slMobile.gif
C:\Builds\CI\27963\Innovator.git\Documentation Scripts\packages\EWSoftware.SHFB.2018.7.8.1\tools\PresentationStyles\VS2013\icons\static.gif -&gt; C:\Builds\CI\27963\Innovator.git\Documentation Scripts\APIReferenceDotNet\Working\Output\Website\icons\static.gif
C:\Builds\CI\27963\Innovator.git\Documentation Scripts\packages\EWSoftware.SHFB.2018.7.8.1\tools\PresentationStyles\VS2013\icons\xna.gif -&gt; C:\Builds\CI\27963\Innovator.git\Documentation Scripts\APIReferenceDotNet\Working\Output\Website\icons\xna.gif
C:\Builds\CI\27963\Innovator.git\Documentation Scripts\packages\EWSoftware.SHFB.2018.7.8.1\tools\PresentationStyles\VS2013\scripts\branding.js -&gt; C:\Builds\CI\27963\Innovator.git\Documentation Scripts\APIReferenceDotNet\Working\Output\Website\scripts\branding.js
C:\Builds\CI\27963\Innovator.git\Documentation Scripts\packages\EWSoftware.SHFB.2018.7.8.1\tools\PresentationStyles\VS2013\styles\branding-cs-CZ.css -&gt; C:\Builds\CI\27963\Innovator.git\Documentation Scripts\APIReferenceDotNet\Working\Output\Website\styles\branding-cs-CZ.css
C:\Builds\CI\27963\Innovator.git\Documentation Scripts\packages\EWSoftware.SHFB.2018.7.8.1\tools\PresentationStyles\VS2013\styles\branding-de-DE.css -&gt; C:\Builds\CI\27963\Innovator.git\Documentation Scripts\APIReferenceDotNet\Working\Output\Website\styles\branding-de-DE.css
C:\Builds\CI\27963\Innovator.git\Documentation Scripts\packages\EWSoftware.SHFB.2018.7.8.1\tools\PresentationStyles\VS2013\styles\branding-en-US.css -&gt; C:\Builds\CI\27963\Innovator.git\Documentation Scripts\APIReferenceDotNet\Working\Output\Website\styles\branding-en-US.css
C:\Builds\CI\27963\Innovator.git\Documentation Scripts\packages\EWSoftware.SHFB.2018.7.8.1\tools\PresentationStyles\VS2013\styles\branding-es-ES.css -&gt; C:\Builds\CI\27963\Innovator.git\Documentation Scripts\APIReferenceDotNet\Working\Output\Website\styles\branding-es-ES.css
C:\Builds\CI\27963\Innovator.git\Documentation Scripts\packages\EWSoftware.SHFB.2018.7.8.1\tools\PresentationStyles\VS2013\styles\branding-fr-FR.css -&gt; C:\Builds\CI\27963\Innovator.git\Documentation Scripts\APIReferenceDotNet\Working\Output\Website\styles\branding-fr-FR.css
C:\Builds\CI\27963\Innovator.git\Documentation Scripts\packages\EWSoftware.SHFB.2018.7.8.1\tools\PresentationStyles\VS2013\styles\branding-Help1.css -&gt; C:\Builds\CI\27963\Innovator.git\Documentation Scripts\APIReferenceDotNet\Working\Output\Website\styles\branding-Help1.css
C:\Builds\CI\27963\Innovator.git\Documentation Scripts\packages\EWSoftware.SHFB.2018.7.8.1\tools\PresentationStyles\VS2013\styles\branding-HelpViewer.css -&gt; C:\Builds\CI\27963\Innovator.git\Documentation Scripts\APIReferenceDotNet\Working\Output\Website\styles\branding-HelpViewer.css
C:\Builds\CI\27963\Innovator.git\Documentation Scripts\packages\EWSoftware.SHFB.2018.7.8.1\tools\PresentationStyles\VS2013\styles\branding-it-IT.css -&gt; C:\Builds\CI\27963\Innovator.git\Documentation Scripts\APIReferenceDotNet\Working\Output\Website\styles\branding-it-IT.css
C:\Builds\CI\27963\Innovator.git\Documentation Scripts\packages\EWSoftware.SHFB.2018.7.8.1\tools\PresentationStyles\VS2013\styles\branding-ja-JP.css -&gt; C:\Builds\CI\27963\Innovator.git\Documentation Scripts\APIReferenceDotNet\Working\Output\Website\styles\branding-ja-JP.css
C:\Builds\CI\27963\Innovator.git\Documentation Scripts\packages\EWSoftware.SHFB.2018.7.8.1\tools\PresentationStyles\VS2013\styles\branding-ko-KR.css -&gt; C:\Builds\CI\27963\Innovator.git\Documentation Scripts\APIReferenceDotNet\Working\Output\Website\styles\branding-ko-KR.css
C:\Builds\CI\27963\Innovator.git\Documentation Scripts\packages\EWSoftware.SHFB.2018.7.8.1\tools\PresentationStyles\VS2013\styles\branding-pl-PL.css -&gt; C:\Builds\CI\27963\Innovator.git\Documentation Scripts\APIReferenceDotNet\Working\Output\Website\styles\branding-pl-PL.css
C:\Builds\CI\27963\Innovator.git\Documentation Scripts\packages\EWSoftware.SHFB.2018.7.8.1\tools\PresentationStyles\VS2013\styles\branding-pt-BR.css -&gt; C:\Builds\CI\27963\Innovator.git\Documentation Scripts\APIReferenceDotNet\Working\Output\Website\styles\branding-pt-BR.css
C:\Builds\CI\27963\Innovator.git\Documentation Scripts\packages\EWSoftware.SHFB.2018.7.8.1\tools\PresentationStyles\VS2013\styles\branding-ru-RU.css -&gt; C:\Builds\CI\27963\Innovator.git\Documentation Scripts\APIReferenceDotNet\Working\Output\Website\styles\branding-ru-RU.css
C:\Builds\CI\27963\Innovator.git\Documentation Scripts\packages\EWSoftware.SHFB.2018.7.8.1\tools\PresentationStyles\VS2013\styles\branding-tr-TR.css -&gt; C:\Builds\CI\27963\Innovator.git\Documentation Scripts\APIReferenceDotNet\Working\Output\Website\styles\branding-tr-TR.css
C:\Builds\CI\27963\Innovator.git\Documentation Scripts\packages\EWSoftware.SHFB.2018.7.8.1\tools\PresentationStyles\VS2013\styles\branding-Website.css -&gt; C:\Builds\CI\27963\Innovator.git\Documentation Scripts\APIReferenceDotNet\Working\Output\Website\styles\branding-Website.css
C:\Builds\CI\27963\Innovator.git\Documentation Scripts\packages\EWSoftware.SHFB.2018.7.8.1\tools\PresentationStyles\VS2013\styles\branding-zh-CN.css -&gt; C:\Builds\CI\27963\Innovator.git\Documentation Scripts\APIReferenceDotNet\Working\Output\Website\styles\branding-zh-CN.css
C:\Builds\CI\27963\Innovator.git\Documentation Scripts\packages\EWSoftware.SHFB.2018.7.8.1\tools\PresentationStyles\VS2013\styles\branding-zh-TW.css -&gt; C:\Builds\CI\27963\Innovator.git\Documentation Scripts\APIReferenceDotNet\Working\Output\Website\styles\branding-zh-TW.css
C:\Builds\CI\27963\Innovator.git\Documentation Scripts\packages\EWSoftware.SHFB.2018.7.8.1\tools\PresentationStyles\VS2013\styles\branding.css -&gt; C:\Builds\CI\27963\Innovator.git\Documentation Scripts\APIReferenceDotNet\Working\Output\Website\styles\branding.css
C:\Builds\CI\27963\Innovator.git\Documentation Scripts\packages\EWSoftware.SHFB.2018.7.8.1\tools\PresentationStyles\VS2013\Web\index.html -&gt; C:\Builds\CI\27963\Innovator.git\Documentation Scripts\APIReferenceDotNet\Working\Output\Website\index.html
C:\Builds\CI\27963\Innovator.git\Documentation Scripts\packages\EWSoftware.SHFB.2018.7.8.1\tools\PresentationStyles\VS2013\Web\search.html -&gt; C:\Builds\CI\27963\Innovator.git\Documentation Scripts\APIReferenceDotNet\Working\Output\Website\search.html
C:\Builds\CI\27963\Innovator.git\Documentation Scripts\packages\EWSoftware.SHFB.2018.7.8.1\tools\PresentationStyles\VS2013\Web\SearchHelp.aspx -&gt; C:\Builds\CI\27963\Innovator.git\Documentation Scripts\APIReferenceDotNet\Working\Output\Website\SearchHelp.aspx
C:\Builds\CI\27963\Innovator.git\Documentation Scripts\packages\EWSoftware.SHFB.2018.7.8.1\tools\PresentationStyles\VS2013\Web\SearchHelp.inc.php -&gt; C:\Builds\CI\27963\Innovator.git\Documentation Scripts\APIReferenceDotNet\Working\Output\Website\SearchHelp.inc.php
C:\Builds\CI\27963\Innovator.git\Documentation Scripts\packages\EWSoftware.SHFB.2018.7.8.1\tools\PresentationStyles\VS2013\Web\SearchHelp.php -&gt; C:\Builds\CI\27963\Innovator.git\Documentation Scripts\APIReferenceDotNet\Working\Output\Website\SearchHelp.php
C:\Builds\CI\27963\Innovator.git\Documentation Scripts\packages\EWSoftware.SHFB.2018.7.8.1\tools\PresentationStyles\VS2013\Web\Web.Config -&gt; C:\Builds\CI\27963\Innovator.git\Documentation Scripts\APIReferenceDotNet\Working\Output\Website\Web.Config
C:\Builds\CI\27963\Innovator.git\Documentation Scripts\packages\EWSoftware.SHFB.2018.7.8.1\tools\PresentationStyles\VS2013\Web\html\GeneralError.htm -&gt; C:\Builds\CI\27963\Innovator.git\Documentation Scripts\APIReferenceDotNet\Working\Output\Website\html\GeneralError.htm
C:\Builds\CI\27963\Innovator.git\Documentation Scripts\packages\EWSoftware.SHFB.2018.7.8.1\tools\PresentationStyles\VS2013\Web\html\PageNotFound.htm -&gt; C:\Builds\CI\27963\Innovator.git\Documentation Scripts\APIReferenceDotNet\Working\Output\Website\html\PageNotFound.htm
C:\Builds\CI\27963\Innovator.git\Documentation Scripts\packages\EWSoftware.SHFB.2018.7.8.1\tools\PresentationStyles\VS2013\Web\icons\Search.png -&gt; C:\Builds\CI\27963\Innovator.git\Documentation Scripts\APIReferenceDotNet\Working\Output\Website\icons\Search.png
C:\Builds\CI\27963\Innovator.git\Documentation Scripts\packages\EWSoftware.SHFB.2018.7.8.1\tools\PresentationStyles\VS2013\Web\icons\TocClose.gif -&gt; C:\Builds\CI\27963\Innovator.git\Documentation Scripts\APIReferenceDotNet\Working\Output\Website\icons\TocClose.gif
C:\Builds\CI\27963\Innovator.git\Documentation Scripts\packages\EWSoftware.SHFB.2018.7.8.1\tools\PresentationStyles\VS2013\Web\icons\TocCollapsed.gif -&gt; C:\Builds\CI\27963\Innovator.git\Documentation Scripts\APIReferenceDotNet\Working\Output\Website\icons\TocCollapsed.gif
C:\Builds\CI\27963\Innovator.git\Documentation Scripts\packages\EWSoftware.SHFB.2018.7.8.1\tools\PresentationStyles\VS2013\Web\icons\TocExpanded.gif -&gt; C:\Builds\CI\27963\Innovator.git\Documentation Scripts\APIReferenceDotNet\Working\Output\Website\icons\TocExpanded.gif
C:\Builds\CI\27963\Innovator.git\Documentation Scripts\packages\EWSoftware.SHFB.2018.7.8.1\tools\PresentationStyles\VS2013\Web\icons\TocOpen.gif -&gt; C:\Builds\CI\27963\Innovator.git\Documentation Scripts\APIReferenceDotNet\Working\Output\Website\icons\TocOpen.gif
C:\Builds\CI\27963\Innovator.git\Documentation Scripts\packages\EWSoftware.SHFB.2018.7.8.1\tools\PresentationStyles\VS2013\Web\scripts\branding-Website.js -&gt; C:\Builds\CI\27963\Innovator.git\Documentation Scripts\APIReferenceDotNet\Working\Output\Website\scripts\branding-Website.js
C:\Builds\CI\27963\Innovator.git\Documentation Scripts\packages\EWSoftware.SHFB.2018.7.8.1\tools\PresentationStyles\VS2013\Web\scripts\clipboard.min.js -&gt; C:\Builds\CI\27963\Innovator.git\Documentation Scripts\APIReferenceDotNet\Working\Output\Website\scripts\clipboard.min.js
C:\Builds\CI\27963\Innovator.git\Documentation Scripts\packages\EWSoftware.SHFB.2018.7.8.1\tools\PresentationStyles\VS2013\Web\scripts\jquery-1.11.0.min.js -&gt; C:\Builds\CI\27963\Innovator.git\Documentation Scripts\APIReferenceDotNet\Working\Output\Website\scripts\jquery-1.11.0.min.js
    Last step completed in 00:00:00.9681
</buildStep>
<buildStep step="GenerateHelpFormatTableOfContents">
Generating HTML Help 1 table of contents file...
    Last step completed in 00:00:00.0000
</buildStep>
<buildStep step="GenerateHelpFileIndex">
Generating HTML Help 1 index file...
    Last step completed in 00:00:00.0000
</buildStep>
<buildStep step="GenerateHelpProject">
Generating HTML Help 1 project file...
    Last step completed in 00:00:00.0100
</buildStep>
<buildStep step="CompilingHelpFile">
Compiling HTML Help 1 file...
[C:\Program Files (x86)\Microsoft Visual Studio\2019\BuildTools\MSBuild\Current\Bin\MSBuild.exe - Build1xHelpFile.proj]
  Microsoft HTML Help Compiler 4.74.8702
  
  
  
  Compiling c:\Builds\CI\27963\Innovator.git\Documentation Scripts\APIReferenceDotNet\Working\Output\HtmlHelp1\Innovator-.NET-API-Reference.chm
  
  
  
  
  
  Compile time: 0 minutes, 3 seconds
  
  490	Topics
  
  5,282	Local links
  
  0	Internet links
  
  0	Graphics
  
  
  
  
  
  Created c:\Builds\CI\27963\Innovator.git\Documentation Scripts\APIReferenceDotNet\Working\Output\HtmlHelp1\Innovator-.NET-API-Reference.chm, 541,252 bytes
  
  Compression decreased file by 4,071,902 bytes.
  
    Last step completed in 00:00:04.3628
</buildStep>
<buildStep step="GenerateHelpFormatTableOfContents">
Generating website table of contents file...
    Last step completed in 00:00:00.0000
</buildStep>
<buildStep step="GenerateFullTextIndex">
Generating full-text index for the website...

<plugIn name="Lightweight Website Style" behavior="After" priority="1000">
Adding lightweight search and TOC elements to each topic...
</plugIn>    Last step completed in 00:00:00.3930
</buildStep>
<buildStep step="CopyingWebsiteFiles">
Copying website files to output folder...

Copied 500 files
Copied 730 files for the website content
    Last step completed in 00:00:00.4240
</buildStep>
<buildStep step="CleanIntermediates">
Removing intermediate files...
    Last step completed in 00:00:00.4481
</buildStep>
<buildStep step="Completed">

Build completed successfully at 12/3/2020 8:45:45 AM.  Total time: 00:00:31.5263

</buildStep>
</shfbBuild>
